
> vibe-generated-app@1.0.0 dev
> vite


  VITE v5.4.20  ready in 248 ms

  ➜  Local:   http://localhost:3000/
  ➜  Network: http://172.20.3.225:3000/
3:46:45 PM [vite] warning: Duplicate "style" attribute in JSX element
20 |        {/* Glow blobs */}
21 |        <motion.div style={{ y: y1 }} className="absolute -top-24 -left-24 h-[46rem] w-[46rem] rounded-full blur-3xl"
22 |          style={{ y: y1, background: 'radial-gradient(closest-side, oklch(0.92_0.14_85) 0%, transparent 70%)' }} />
   |          ^
23 |        <motion.div style={{ y: y2 }} className="absolute -bottom-24 -right-20 h-[40rem] w-[40rem] rounded-full blur-3xl"
24 |          style={{ y: y2, background: 'radial-gradient(closest-side, oklch(0.86_0.17_75) 0%, transparent 70%)' }} />

  Plugin: vite:esbuild
  File: /home/workspace/src/components/BackgroundFX.jsx
3:46:45 PM [vite] warning: Duplicate "style" attribute in JSX element
22 |          style={{ y: y1, background: 'radial-gradient(closest-side, oklch(0.92_0.14_85) 0%, transparent 70%)' }} />
23 |        <motion.div style={{ y: y2 }} className="absolute -bottom-24 -right-20 h-[40rem] w-[40rem] rounded-full blur-3xl"
24 |          style={{ y: y2, background: 'radial-gradient(closest-side, oklch(0.86_0.17_75) 0%, transparent 70%)' }} />
   |          ^
25 |  
26 |        {/* Noise overlay */}

  Plugin: vite:esbuild
  File: /home/workspace/src/components/BackgroundFX.jsx
